[debug] [2022-11-10T05:02:11.946Z] ----------------------------------------------------------------------
[debug] [2022-11-10T05:02:11.948Z] Command:       C:\Program Files\nodejs\node.exe C:\Users\Nayan\AppData\Roaming\npm\node_modules\firebase-tools\lib\bin\firebase.js init
[debug] [2022-11-10T05:02:11.948Z] CLI Version:   11.14.4
[debug] [2022-11-10T05:02:11.948Z] Platform:      win32
[debug] [2022-11-10T05:02:11.948Z] Node Version:  v16.17.0
[debug] [2022-11-10T05:02:11.949Z] Time:          Thu Nov 10 2022 11:02:11 GMT+0600 (Bangladesh Standard Time)
[debug] [2022-11-10T05:02:11.949Z] ----------------------------------------------------------------------
[debug] 
[debug] [2022-11-10T05:02:11.962Z] >>> [apiv2][query] GET https://firebase-public.firebaseio.com/cli.json [none]
[debug] [2022-11-10T05:02:11.981Z] > command requires scopes: ["email","openid","https://www.googleapis.com/auth/cloudplatformprojects.readonly","https://www.googleapis.com/auth/firebase","https://www.googleapis.com/auth/cloud-platform"]
[debug] [2022-11-10T05:02:11.982Z] > authorizing via signed-in user (saklain15-12003@diu.edu.bd)
[info] 
     ######## #### ########  ######## ########     ###     ######  ########
     ##        ##  ##     ## ##       ##     ##  ##   ##  ##       ##
     ######    ##  ########  ######   ########  #########  ######  ######
     ##        ##  ##    ##  ##       ##     ## ##     ##       ## ##
     ##       #### ##     ## ######## ########  ##     ##  ######  ########

You're about to initialize a Firebase project in this directory:

  C:\assignment-11\home-made-food-client

Before we get started, keep in mind:

  * You are currently outside your home directory

[debug] [2022-11-10T05:02:12.697Z] <<< [apiv2][status] GET https://firebase-public.firebaseio.com/cli.json 200
[debug] [2022-11-10T05:02:12.697Z] <<< [apiv2][body] GET https://firebase-public.firebaseio.com/cli.json {"cloudBuildErrorAfter":1594252800000,"cloudBuildWarnAfter":1590019200000,"defaultNode10After":1594252800000,"minVersion":"3.0.5","node8DeploysDisabledAfter":1613390400000,"node8RuntimeDisabledAfter":1615809600000,"node8WarnAfter":1600128000000}
[info] 
=== Project Setup
[info] 
[info] First, let's associate this project directory with a Firebase project.
[info] You can create multiple project aliases by running firebase use --add, 
[info] but for now we'll just set up a default project.
[info] 
[debug] [2022-11-10T05:02:25.383Z] > refreshing access token with scopes: []
[debug] [2022-11-10T05:02:25.384Z] >>> [apiv2][query] POST https://www.googleapis.com/oauth2/v3/token [none]
[debug] [2022-11-10T05:02:25.385Z] >>> [apiv2][body] POST https://www.googleapis.com/oauth2/v3/token [omitted]
[debug] [2022-11-10T05:02:25.864Z] <<< [apiv2][status] POST https://www.googleapis.com/oauth2/v3/token 200
[debug] [2022-11-10T05:02:25.864Z] <<< [apiv2][body] POST https://www.googleapis.com/oauth2/v3/token [omitted]
[debug] [2022-11-10T05:02:25.950Z] >>> [apiv2][query] GET https://firebase.googleapis.com/v1beta1/projects pageSize=100
[debug] [2022-11-10T05:02:26.758Z] <<< [apiv2][status] GET https://firebase.googleapis.com/v1beta1/projects 200
[debug] [2022-11-10T05:02:26.758Z] <<< [apiv2][body] GET https://firebase.googleapis.com/v1beta1/projects [omitted]
